Flow report for Memoria
Thu Mar 31 07:12:03 2016
Quartus II Version 9.0 Build 235 06/17/2009 Service Pack 2 SJ Web Edition


---------------------
; Table of Contents ;
---------------------
  1. Legal Notice
  2. Flow Summary
  3. Flow Settings
  4. Flow Non-Default Global Settings
  5. Flow Elapsed Time
  6. Flow OS Summary
  7. Flow Log



----------------
; Legal Notice ;
----------------
Copyright (C) 1991-2009 Altera Corporation
Your use of Altera Corporation's design tools, logic functions 
and other software and tools, and its AMPP partner logic 
functions, and any output files from any of the foregoing 
(including device programming or simulation files), and any 
associated documentation or information are expressly subject 
to the terms and conditions of the Altera Program License 
Subscription Agreement, Altera MegaCore Function License 
Agreement, or other applicable license agreement, including, 
without limitation, that your use is for the sole purpose of 
programming logic devices manufactured by Altera and sold by 
Altera or its authorized distributors.  Please refer to the 
applicable agreement for further details.



+------------------------------------------------------------------------+
; Flow Summary                                                           ;
+-------------------------+----------------------------------------------+
; Flow Status             ; Successful - Thu Mar 31 07:12:03 2016        ;
; Quartus II Version      ; 9.0 Build 235 06/17/2009 SP 2 SJ Web Edition ;
; Revision Name           ; Memoria                                      ;
; Top-level Entity Name   ; pbl2                                         ;
; Family                  ; ACEX1K                                       ;
; Device                  ; EP1K100QC208-3                               ;
; Timing Models           ; Final                                        ;
; Met timing requirements ; No                                           ;
; Total logic elements    ; 155 / 4,992 ( 3 % )                          ;
; Total pins              ; 8 / 147 ( 5 % )                              ;
; Total memory bits       ; 448 / 49,152 ( < 1 % )                       ;
; Total PLLs              ; 0                                            ;
+-------------------------+----------------------------------------------+


+-----------------------------------------+
; Flow Settings                           ;
+-------------------+---------------------+
; Option            ; Setting             ;
+-------------------+---------------------+
; Start date & time ; 03/31/2016 07:11:50 ;
; Main task         ; Compilation         ;
; Revision Name     ; Memoria             ;
+-------------------+---------------------+


+--------------------------------------------------------------------------------------------------------------------------------+
; Flow Non-Default Global Settings                                                                                               ;
+------------------------------------+--------------------------------------------+---------------+-------------+----------------+
; Assignment Name                    ; Value                                      ; Default Value ; Entity Name ; Section Id     ;
+------------------------------------+--------------------------------------------+---------------+-------------+----------------+
; COMPILER_SIGNATURE_ID              ; 134660538598609.145941910903572            ; --            ; --          ; --             ;
; IP_TOOL_NAME                       ; ALTCLKLOCK                                 ; --            ; --          ; --             ;
; IP_TOOL_NAME                       ; LPM_ROM                                    ; --            ; --          ; --             ;
; IP_TOOL_NAME                       ; LPM_ROM                                    ; --            ; --          ; --             ;
; IP_TOOL_NAME                       ; LPM_ROM                                    ; --            ; --          ; --             ;
; IP_TOOL_VERSION                    ; 9.0                                        ; --            ; --          ; --             ;
; IP_TOOL_VERSION                    ; 9.0                                        ; --            ; --          ; --             ;
; IP_TOOL_VERSION                    ; 9.0                                        ; --            ; --          ; --             ;
; IP_TOOL_VERSION                    ; 9.0                                        ; --            ; --          ; --             ;
; MAX_CORE_JUNCTION_TEMP             ; 85                                         ; --            ; --          ; --             ;
; MIN_CORE_JUNCTION_TEMP             ; 0                                          ; --            ; --          ; --             ;
; MISC_FILE                          ; D:/Backup/Dropbox/UEFS/CD/PBL2/Memoria.dpf ; --            ; --          ; --             ;
; MISC_FILE                          ; E:/PBL2/Memoria.dpf                        ; --            ; --          ; --             ;
; MISC_FILE                          ; altclklock0.bsf                            ; --            ; --          ; --             ;
; MISC_FILE                          ; altclklock0.cmp                            ; --            ; --          ; --             ;
; MISC_FILE                          ; altclklock0.ppf                            ; --            ; --          ; --             ;
; MISC_FILE                          ; lpm_rom0.bsf                               ; --            ; --          ; --             ;
; MISC_FILE                          ; lpm_rom0.cmp                               ; --            ; --          ; --             ;
; MISC_FILE                          ; lpm_rom1.bsf                               ; --            ; --          ; --             ;
; MISC_FILE                          ; lpm_rom1.cmp                               ; --            ; --          ; --             ;
; MISC_FILE                          ; lpm_rom2.bsf                               ; --            ; --          ; --             ;
; MISC_FILE                          ; lpm_rom2.cmp                               ; --            ; --          ; --             ;
; TOP_LEVEL_ENTITY                   ; pbl2                                       ; Memoria       ; --          ; --             ;
; USE_GENERATED_PHYSICAL_CONSTRAINTS ; Off                                        ; --            ; --          ; eda_blast_fpga ;
+------------------------------------+--------------------------------------------+---------------+-------------+----------------+


+-----------------------------------------------------------------------------------------------------------------------------+
; Flow Elapsed Time                                                                                                           ;
+-------------------------+--------------+-------------------------+---------------------+------------------------------------+
; Module Name             ; Elapsed Time ; Average Processors Used ; Peak Virtual Memory ; Total CPU Time (on all processors) ;
+-------------------------+--------------+-------------------------+---------------------+------------------------------------+
; Analysis & Synthesis    ; 00:00:03     ; 1.0                     ; 275 MB              ; 00:00:03                           ;
; Fitter                  ; 00:00:05     ; 1.0                     ; 262 MB              ; 00:00:05                           ;
; Assembler               ; 00:00:01     ; 1.0                     ; 241 MB              ; 00:00:01                           ;
; Classic Timing Analyzer ; 00:00:01     ; 1.0                     ; 207 MB              ; 00:00:01                           ;
; Total                   ; 00:00:10     ; --                      ; --                  ; 00:00:10                           ;
+-------------------------+--------------+-------------------------+---------------------+------------------------------------+


+------------------------------------------------------------------------------------------+
; Flow OS Summary                                                                          ;
+-------------------------+------------------+---------------+------------+----------------+
; Module Name             ; Machine Hostname ; OS Name       ; OS Version ; Processor type ;
+-------------------------+------------------+---------------+------------+----------------+
; Analysis & Synthesis    ; DESKTOP-D2LI077  ; Windows Vista ; 6.2        ; x86_64         ;
; Fitter                  ; DESKTOP-D2LI077  ; Windows Vista ; 6.2        ; x86_64         ;
; Assembler               ; DESKTOP-D2LI077  ; Windows Vista ; 6.2        ; x86_64         ;
; Classic Timing Analyzer ; DESKTOP-D2LI077  ; Windows Vista ; 6.2        ; x86_64         ;
+-------------------------+------------------+---------------+------------+----------------+


------------
; Flow Log ;
------------
quartus_map --read_settings_files=on --write_settings_files=off Memoria -c Memoria
quartus_fit --read_settings_files=off --write_settings_files=off Memoria -c Memoria
quartus_asm --read_settings_files=off --write_settings_files=off Memoria -c Memoria
quartus_tan --read_settings_files=off --write_settings_files=off Memoria -c Memoria



